<?xml version="1.0" encoding="UTF-8"?>
<!-- Generated by org.testng.reporters.JUnitReportReporter -->
<testsuite hostname="MKOKANE10A" failures="0" tests="2" name="com.app.qa.testcases.LoginPageTest" time="43.511" errors="0" timestamp="2025-09-29T16:32:44 IST" skipped="0">
  <testcase classname="com.app.qa.testcases.LoginPageTest" name="loginpagetitletest" time="37.911"/>
  <testcase classname="com.app.qa.testcases.LoginPageTest" name="loginTest" time="5.600"/>
</testsuite> <!-- com.app.qa.testcases.LoginPageTest -->
