<?xml version="1.0" encoding="UTF-8"?>
<!-- Generated by org.testng.reporters.JUnitReportReporter -->
<testsuite hostname="MKOKANE10A" failures="0" tests="2" name="com.app.qa.testcases.UsersandGroupsPageTest" time="26.689" errors="0" timestamp="2025-09-24T15:55:28 IST" skipped="1">
  <testcase classname="com.app.qa.testcases.UsersandGroupsPageTest" name="VerifyView_All_Users_Utility" time="26.689"/>
  <testcase classname="com.app.qa.testcases.UsersandGroupsPageTest" name="VerifyView_All_Groups_Utility">
    <skipped/>
  </testcase> <!-- VerifyView_All_Groups_Utility -->
</testsuite> <!-- com.app.qa.testcases.UsersandGroupsPageTest -->
