<?xml version="1.0" encoding="UTF-8"?>
<!-- Generated by org.testng.reporters.JUnitReportReporter -->
<testsuite hostname="MKOKANE10A" failures="0" tests="5" name="com.app.qa.testcases.InventoryMaintenancePageTest" time="106.858" errors="0" timestamp="2025-09-24T15:55:28 IST" skipped="0">
  <testcase classname="com.app.qa.testcases.InventoryMaintenancePageTest" name="VerifyView_All_Products_Utility" time="23.500"/>
  <testcase classname="com.app.qa.testcases.InventoryMaintenancePageTest" name="VerifyView_All_Cycle_Counts_Utility" time="19.161"/>
  <testcase classname="com.app.qa.testcases.InventoryMaintenancePageTest" name="VerifyView_All_Containers_Utility" time="23.308"/>
  <testcase classname="com.app.qa.testcases.InventoryMaintenancePageTest" name="VerifyView_Inventory_by_Loc_Prod_and_Lot_Utility" time="17.202"/>
  <testcase classname="com.app.qa.testcases.InventoryMaintenancePageTest" name="VerifyView_Inventory_by_Loc_Utility" time="23.687"/>
</testsuite> <!-- com.app.qa.testcases.InventoryMaintenancePageTest -->
