<?xml version="1.0" encoding="UTF-8"?>
<!-- Generated by org.testng.reporters.JUnitReportReporter -->
<testsuite hostname="MKOKANE10A" failures="0" tests="1" name="com.app.qa.testcases.InboundPageTest" time="19.245" errors="0" timestamp="2025-09-24T15:55:28 IST" skipped="0">
  <testcase classname="com.app.qa.testcases.InboundPageTest" name="VerifyView_All_Putaway_Orders_Utility" time="19.245"/>
</testsuite> <!-- com.app.qa.testcases.InboundPageTest -->
