<?xml version="1.0" encoding="UTF-8"?>
<!-- Generated by org.testng.reporters.JUnitReportReporter -->
<testsuite hostname="MKOKANE10A" failures="0" tests="1" name="com.app.qa.testcases.OutboundPageTest" time="17.977" errors="0" timestamp="2025-09-24T15:55:28 IST" skipped="0">
  <testcase classname="com.app.qa.testcases.OutboundPageTest" name="VerifyView_All_Pick_Orders_Utility" time="17.977"/>
</testsuite> <!-- com.app.qa.testcases.OutboundPageTest -->
